ERROR:root:2023-09-22 16:03:52.087938 | Error, line 39 | Unable to import modules.
INFO:root:<class 'ModuleNotFoundError'>
INFO:root:No module named 'RTIMU'
INFO:mysql.connector:package: mysql.connector.plugins
INFO:mysql.connector:plugin_name: caching_sha2_password
INFO:mysql.connector:AUTHENTICATION_PLUGIN_CLASS: MySQLCachingSHA2PasswordAuthPlugin
INFO:root:Waking up.
INFO:root:Waking up.
INFO:root:Record Insered into core.log
INFO:root: | 97 | 2023-09-22 16:03:52.210132
INFO:root:Temperature is in range: False
INFO:root:Temperature out of range, sending email alert.
INFO:root:Email sent at: 2023-09-22 16:03:52.210132
INFO:root:Temperature: 97 | Sensor: 
INFO:root:Record Insered into core.log
INFO:root:6 | 8 | 2023-09-22 16:03:52.210931
INFO:root:Temperature is in range: False
INFO:root:Temperature out of range, sending email alert.
INFO:root:Email sent at: 2023-09-22 16:03:52.210931
INFO:root:Temperature: 8 | Sensor: 6
INFO:root:Record Insered into core.log
INFO:root:*7 | 58 | 2023-09-22 16:03:52.210931
INFO:root:Temperature is in range: True
INFO:root:Record Insered into core.log
INFO:root:36 | 45 | 2023-09-22 16:03:52.210931
INFO:root:Temperature is in range: True
INFO:root:Record Insered into core.log
INFO:root:27 | 42 | 2023-09-22 16:03:52.210931
INFO:root:Temperature is in range: False
INFO:root:Temperature out of range, sending email alert.
INFO:root:Email sent at: 2023-09-22 16:03:52.210931
INFO:root:Temperature: 42 | Sensor: 27
INFO:root:Record Insered into core.log
INFO:root:5 | 77 | 2023-09-22 16:03:52.211653
INFO:root:Temperature is in range: True
INFO:root:Record Insered into core.log
INFO:root:23 | 63 | 2023-09-22 16:03:52.211892
INFO:root:Temperature is in range: False
INFO:root:Temperature out of range, sending email alert.
INFO:root:Email sent at: 2023-09-22 16:03:52.211892
INFO:root:Temperature: 63 | Sensor: 23
INFO:root:Record Insered into core.log
INFO:root:14 | 40 | 2023-09-22 16:03:52.211892
INFO:root:Temperature is in range: False
INFO:root:Temperature out of range, sending email alert.
INFO:root:Email sent at: 2023-09-22 16:03:52.211892
INFO:root:Temperature: 40 | Sensor: 14
INFO:root:Record Insered into core.log
INFO:root:85 | 69 | 2023-09-22 16:03:52.211892
INFO:root:Temperature is in range: False
INFO:root:Temperature out of range, sending email alert.
INFO:root:Email sent at: 2023-09-22 16:03:52.211892
INFO:root:Temperature: 69 | Sensor: 85
INFO:root:Record Insered into core.log
INFO:root:726 | 18 | 2023-09-22 16:03:52.212930
INFO:root:Temperature is in range: False
INFO:root:Temperature out of range, sending email alert.
INFO:root:Email sent at: 2023-09-22 16:03:52.212930
INFO:root:Temperature: 18 | Sensor: 726
INFO:root:Record Insered into core.log
INFO:root:7 | 76 | 2023-09-22 16:03:52.212930
INFO:root:Temperature is in range: True
INFO:root:Record Insered into core.log
INFO:root:61 | 81 | 2023-09-22 16:03:52.212930
INFO:root:Temperature is in range: False
INFO:root:Temperature out of range, sending email alert.
INFO:root:Email sent at: 2023-09-22 16:03:52.212930
INFO:root:Temperature: 81 | Sensor: 61
INFO:root:Record Insered into core.log
INFO:root:738 | 57 | 2023-09-22 16:03:52.212930
INFO:root:Temperature is in range: False
INFO:root:Temperature out of range, sending email alert.
INFO:root:Email sent at: 2023-09-22 16:03:52.213928
INFO:root:Temperature: 57 | Sensor: 738
INFO:root:Record Insered into core.log
INFO:root:*5 | 49 | 2023-09-22 16:03:52.213928
INFO:root:Temperature is in range: False
INFO:root:Temperature out of range, sending email alert.
INFO:root:Email sent at: 2023-09-22 16:03:52.213928
INFO:root:Temperature: 49 | Sensor: *5
INFO:root:Record Insered into core.log
INFO:root: | 52 | 2023-09-22 16:03:52.213928
INFO:root:Temperature is in range: True
INFO:root:Record Insered into core.log
INFO:root:*74 | 5 | 2023-09-22 16:03:52.213928
INFO:root:Temperature is in range: False
INFO:root:Temperature out of range, sending email alert.
INFO:root:Email sent at: 2023-09-22 16:03:52.213928
INFO:root:Temperature: 5 | Sensor: *74
INFO:root:Record Insered into core.log
INFO:root:*12 | 16 | 2023-09-22 16:03:52.213928
INFO:root:Temperature is in range: True
INFO:root:Record Insered into core.log
INFO:root:*8 | 47 | 2023-09-22 16:03:52.213928
INFO:root:Temperature is in range: False
INFO:root:Temperature out of range, sending email alert.
INFO:root:Email sent at: 2023-09-22 16:03:52.214925
INFO:root:Temperature: 47 | Sensor: *8
INFO:root:Record Insered into core.log
INFO:root: | 12 | 2023-09-22 16:03:52.214925
INFO:root:Temperature is in range: False
INFO:root:Temperature out of range, sending email alert.
INFO:root:Email sent at: 2023-09-22 16:03:52.214925
INFO:root:Temperature: 12 | Sensor: 
INFO:root:Record Insered into core.log
INFO:root: | 91 | 2023-09-22 16:03:52.214925
INFO:root:Temperature is in range: False
INFO:root:Temperature out of range, sending email alert.
INFO:root:Email sent at: 2023-09-22 16:03:52.214925
INFO:root:Temperature: 91 | Sensor: 
INFO:root:Record Insered into core.log
INFO:root: | 69 | 2023-09-22 16:03:52.214925
INFO:root:Temperature is in range: False
INFO:root:Temperature out of range, sending email alert.
INFO:root:Email sent at: 2023-09-22 16:03:52.214925
INFO:root:Temperature: 69 | Sensor: 
INFO:root:Record Insered into core.log
INFO:root:770 | 72 | 2023-09-22 16:03:52.214925
INFO:root:Temperature is in range: False
INFO:root:Temperature out of range, sending email alert.
INFO:root:Email sent at: 2023-09-22 16:03:52.214925
INFO:root:Temperature: 72 | Sensor: 770
INFO:root:Record Insered into core.log
INFO:root:64 | 19 | 2023-09-22 16:03:52.215926
INFO:root:Temperature is in range: False
INFO:root:Temperature out of range, sending email alert.
INFO:root:Email sent at: 2023-09-22 16:03:52.215926
INFO:root:Temperature: 19 | Sensor: 64
INFO:root:Record Insered into core.log
INFO:root: | 19 | 2023-09-22 16:03:52.215926
INFO:root:Temperature is in range: True
INFO:root:Record Insered into core.log
INFO:root: | 29 | 2023-09-22 16:03:52.215926
INFO:root:Temperature is in range: False
INFO:root:Temperature out of range, sending email alert.
INFO:root:Email sent at: 2023-09-22 16:03:52.215926
INFO:root:Temperature: 29 | Sensor: 
INFO:root:Sleeping for 15 minutes.
